==12029== Memcheck, a memory error detector
==12029== Copyright (C) 2002-2015, and GNU GPL'd, by Julian Seward et al.
==12029== Using Valgrind-3.11.0 and LibVEX; rerun with -h for copyright info
==12029== Command: /tmp/tmpesu8hj4w/proj1wk1_func nohousehere /comp/11/files/proj1wk1/just_houses.testdata
==12029== Parent PID: 11279
==12029== 
==12029== 
==12029== HEAP SUMMARY:
==12029==     in use at exit: 72,704 bytes in 1 blocks
==12029==   total heap usage: 6 allocs, 5 frees, 81,611 bytes allocated
==12029== 
==12029== LEAK SUMMARY:
==12029==    definitely lost: 0 bytes in 0 blocks
==12029==    indirectly lost: 0 bytes in 0 blocks
==12029==      possibly lost: 0 bytes in 0 blocks
==12029==    still reachable: 72,704 bytes in 1 blocks
==12029==         suppressed: 0 bytes in 0 blocks
==12029== Rerun with --leak-check=full to see details of leaked memory
==12029== 
==12029== For counts of detected and suppressed errors, rerun with: -v
==12029== ERROR SUMMARY: 0 errors from 0 contexts (suppressed: 6 from 6)
